[1mstorybook v9.0.11
[22m
info => Cleaning outputDir: [36m../../../../../../../tmp/chromatic--808815-uIqD7eR2Lyo5[39m
info => Loading presets
info => Building manager..
WARN unable to find package.json for testing-utils
info => Manager built ([38;2;181;126;229m125 ms[39m)
info => Building preview..
info Addon-docs: using MDX3
info => Using implicit CSS loaders
info => [[38;2;241;97;140m@storybook/addon-styling-webpack[39m] Applying custom Storybook webpack configuration styling.
info => [[38;2;241;97;140m@storybook/addon-styling-webpack[39m] Replacing Storybook's webpack rules for styles with given rules.
info => Using default Webpack5 setup
info Using tsconfig paths for react-docgen
WARN export 'example' (imported as 'stories') was not found in './Flex.stories' (possible exports: Align, AlignContent, AlignItems, Basis, Direction, Example, Grow, JustifyContent, Order, Shrink, Wrap, __namedExportsOrder, default)
WARN export 'direction' (imported as 'stories') was not found in './Flex.stories' (possible exports: Align, AlignContent, AlignItems, Basis, Direction, Example, Grow, JustifyContent, Order, Shrink, Wrap, __namedExportsOrder, default)
WARN export 'wrap' (imported as 'stories') was not found in './Flex.stories' (possible exports: Align, AlignContent, AlignItems, Basis, Direction, Example, Grow, JustifyContent, Order, Shrink, Wrap, __namedExportsOrder, default)
WARN export 'justifyContent' (imported as 'stories') was not found in './Flex.stories' (possible exports: Align, AlignContent, AlignItems, Basis, Direction, Example, Grow, JustifyContent, Order, Shrink, Wrap, __namedExportsOrder, default)
WARN export 'alignItems' (imported as 'stories') was not found in './Flex.stories' (possible exports: Align, AlignContent, AlignItems, Basis, Direction, Example, Grow, JustifyContent, Order, Shrink, Wrap, __namedExportsOrder, default)
WARN export 'alignContent' (imported as 'stories') was not found in './Flex.stories' (possible exports: Align, AlignContent, AlignItems, Basis, Direction, Example, Grow, JustifyContent, Order, Shrink, Wrap, __namedExportsOrder, default)
WARN export 'order' (imported as 'stories') was not found in './Flex.stories' (possible exports: Align, AlignContent, AlignItems, Basis, Direction, Example, Grow, JustifyContent, Order, Shrink, Wrap, __namedExportsOrder, default)
WARN export 'grow' (imported as 'stories') was not found in './Flex.stories' (possible exports: Align, AlignContent, AlignItems, Basis, Direction, Example, Grow, JustifyContent, Order, Shrink, Wrap, __namedExportsOrder, default)
WARN export 'shrink' (imported as 'stories') was not found in './Flex.stories' (possible exports: Align, AlignContent, AlignItems, Basis, Direction, Example, Grow, JustifyContent, Order, Shrink, Wrap, __namedExportsOrder, default)
WARN export 'basis' (imported as 'stories') was not found in './Flex.stories' (possible exports: Align, AlignContent, AlignItems, Basis, Direction, Example, Grow, JustifyContent, Order, Shrink, Wrap, __namedExportsOrder, default)
WARN export 'align' (imported as 'stories') was not found in './Flex.stories' (possible exports: Align, AlignContent, AlignItems, Basis, Direction, Example, Grow, JustifyContent, Order, Shrink, Wrap, __namedExportsOrder, default)
WARN Module Warning (from ../../node_modules/sass-loader/dist/cjs.js):
WARN Deprecation Warning on line 3, column 8 of file:///home/anxhul/CodeVault/g-project/fuselage-chromatic/packages/fuselage/src/styles/primitives/traits/rich-text.scss:3:8:
WARN Sass @import rules are deprecated and will be removed in Dart Sass 3.0.0.
WARN 
WARN More info and automated migrator: https://sass-lang.com/d/import
WARN 
WARN 3 | @import '../link.scss';
WARN 
WARN 
WARN src/styles/primitives/traits/rich-text.scss 4:9                                     @use
WARN src/components/Message/MessageGenericPreview/MessageGenericPreview.styles.scss 6:1  root stylesheet
WARN 
WARN Module Warning (from ../../node_modules/sass-loader/dist/cjs.js):
WARN Deprecation Warning on line 4, column 8 of file:///home/anxhul/CodeVault/g-project/fuselage-chromatic/packages/fuselage/src/styles/primitives/link.scss:4:8:
WARN Sass @import rules are deprecated and will be removed in Dart Sass 3.0.0.
WARN 
WARN More info and automated migrator: https://sass-lang.com/d/import
WARN 
WARN 4 | @import '../../styles/mixins/states.scss';
WARN 
WARN 
WARN src/styles/primitives/link.scss 5:9                                                 @import
WARN src/styles/primitives/traits/rich-text.scss 4:9                                     @use
WARN src/components/Message/MessageGenericPreview/MessageGenericPreview.styles.scss 6:1  root stylesheet
WARN 
WARN Module Warning (from ../../node_modules/sass-loader/dist/cjs.js):
WARN Deprecation Warning on line 6, column 8 of file:///home/anxhul/CodeVault/g-project/fuselage-chromatic/packages/fuselage/src/components/Message/MessageGenericPreview/MessageGenericPreview.styles.scss:6:8:
WARN Sass @import rules are deprecated and will be removed in Dart Sass 3.0.0.
WARN 
WARN More info and automated migrator: https://sass-lang.com/d/import
WARN 
WARN 6 | @import '../../../styles/primitives/link.scss';
WARN 
WARN 
WARN src/components/Message/MessageGenericPreview/MessageGenericPreview.styles.scss 7:9  root stylesheet
WARN 
WARN Module Warning (from ../../node_modules/sass-loader/dist/cjs.js):
WARN Deprecation Warning on line 3, column 8 of file:///home/anxhul/CodeVault/g-project/fuselage-chromatic/packages/fuselage/src/styles/mixins/templates.scss:3:8:
WARN Sass @import rules are deprecated and will be removed in Dart Sass 3.0.0.
WARN 
WARN More info and automated migrator: https://sass-lang.com/d/import
WARN 
WARN 3 | @import './shadows.scss';
WARN 
WARN 
WARN src/styles/mixins/templates.scss 4:9                                @use
WARN src/components/Message/MessageSystem/MessageSystem.styles.scss 5:1  root stylesheet
WARN 
WARN Module Warning (from ../../node_modules/sass-loader/dist/cjs.js):
WARN Deprecation Warning on line 4, column 8 of file:///home/anxhul/CodeVault/g-project/fuselage-chromatic/packages/fuselage/src/styles/mixins/templates.scss:4:8:
WARN Sass @import rules are deprecated and will be removed in Dart Sass 3.0.0.
WARN 
WARN More info and automated migrator: https://sass-lang.com/d/import
WARN 
WARN 4 | @import './states.scss';
WARN 
WARN 
WARN src/styles/mixins/templates.scss 5:9                                @use
WARN src/components/Message/MessageSystem/MessageSystem.styles.scss 5:1  root stylesheet
WARN 
WARN Module Warning (from ../../node_modules/sass-loader/dist/cjs.js):
WARN Deprecation Warning on line 7, column 2 of file:///home/anxhul/CodeVault/g-project/fuselage-chromatic/packages/fuselage/src/styles/mixins/templates.scss:7:2:
WARN Sass's behavior for declarations that appear after nested
WARN rules will be changing to match the behavior specified by CSS in an upcoming
WARN version. To keep the existing behavior, move the declaration above the nested
WARN rule. To opt into the new behavior, wrap the declaration in `& {}`.
WARN 
WARN More info: https://sass-lang.com/d/mixed-decls
WARN 
WARN 7 |   border-width: lengths.border-width('default');
WARN 
WARN 
WARN src/styles/mixins/templates.scss 8:3                                 focus-state()
WARN src/components/Message/MessageSystem/MessageSystem.styles.scss 68:3  root stylesheet
WARN 
WARN Module Warning (from ../../node_modules/sass-loader/dist/cjs.js):
WARN Deprecation Warning on line 7, column 2 of file:///home/anxhul/CodeVault/g-project/fuselage-chromatic/packages/fuselage/src/styles/mixins/templates.scss:7:2:
WARN Sass's behavior for declarations that appear after nested
WARN rules will be changing to match the behavior specified by CSS in an upcoming
WARN version. To keep the existing behavior, move the declaration above the nested
WARN rule. To opt into the new behavior, wrap the declaration in `& {}`.
WARN 
WARN More info: https://sass-lang.com/d/mixed-decls
WARN 
WARN 7 |   border-width: lengths.border-width('default');
WARN 
WARN 
WARN src/styles/mixins/templates.scss 8:3                                 focus-state()
WARN src/components/Message/MessageSystem/MessageSystem.styles.scss 68:3  root stylesheet
WARN 
WARN Module Warning (from ../../node_modules/sass-loader/dist/cjs.js):
WARN Deprecation Warning on line 7, column 2 of file:///home/anxhul/CodeVault/g-project/fuselage-chromatic/packages/fuselage/src/styles/mixins/templates.scss:7:2:
WARN Sass's behavior for declarations that appear after nested
WARN rules will be changing to match the behavior specified by CSS in an upcoming
WARN version. To keep the existing behavior, move the declaration above the nested
WARN rule. To opt into the new behavior, wrap the declaration in `& {}`.
WARN 
WARN More info: https://sass-lang.com/d/mixed-decls
WARN 
WARN 7 |   border-width: lengths.border-width('default');
WARN 
WARN 
WARN src/styles/mixins/templates.scss 8:3                                 focus-state()
WARN src/components/Message/MessageSystem/MessageSystem.styles.scss 68:3  root stylesheet
WARN 
WARN Module Warning (from ../../node_modules/sass-loader/dist/cjs.js):
WARN Deprecation Warning on line 7, column 2 of file:///home/anxhul/CodeVault/g-project/fuselage-chromatic/packages/fuselage/src/styles/mixins/templates.scss:7:2:
WARN Sass's behavior for declarations that appear after nested
WARN rules will be changing to match the behavior specified by CSS in an upcoming
WARN version. To keep the existing behavior, move the declaration above the nested
WARN rule. To opt into the new behavior, wrap the declaration in `& {}`.
WARN 
WARN More info: https://sass-lang.com/d/mixed-decls
WARN 
WARN 7 |   border-width: lengths.border-width('default');
WARN 
WARN 
WARN src/styles/mixins/templates.scss 8:3                                 focus-state()
WARN src/components/Message/MessageSystem/MessageSystem.styles.scss 68:3  root stylesheet
WARN 
WARN Module Warning (from ../../node_modules/sass-loader/dist/cjs.js):
WARN Deprecation Warning on line 7, column 2 of file:///home/anxhul/CodeVault/g-project/fuselage-chromatic/packages/fuselage/src/styles/mixins/templates.scss:7:2:
WARN Sass's behavior for declarations that appear after nested
WARN rules will be changing to match the behavior specified by CSS in an upcoming
WARN version. To keep the existing behavior, move the declaration above the nested
WARN rule. To opt into the new behavior, wrap the declaration in `& {}`.
WARN 
WARN More info: https://sass-lang.com/d/mixed-decls
WARN 
WARN 7 |   border-width: lengths.border-width('default');
WARN 
WARN 
WARN src/styles/mixins/templates.scss 8:3                                 focus-state()
WARN src/components/Message/MessageSystem/MessageSystem.styles.scss 68:3  root stylesheet
WARN 
WARN Module Warning (from ../../node_modules/sass-loader/dist/cjs.js):
WARN 13 repetitive deprecation warnings omitted.
WARN Run in verbose mode to see all warnings.
WARN Module Warning (from ../../node_modules/sass-loader/dist/cjs.js):
WARN Deprecation Warning on line 0, column 8 of file:///home/anxhul/CodeVault/g-project/fuselage-chromatic/packages/fuselage/src/index.scss:0:8:
WARN Sass @import rules are deprecated and will be removed in Dart Sass 3.0.0.
WARN 
WARN More info and automated migrator: https://sass-lang.com/d/import
WARN 
WARN 0 | @import './styles/functions.scss';
WARN 
WARN 
WARN src/index.scss 1:9  root stylesheet
WARN 
WARN Module Warning (from ../../node_modules/sass-loader/dist/cjs.js):
WARN Deprecation Warning on line 1, column 2 of file:///home/anxhul/CodeVault/g-project/fuselage-chromatic/packages/fuselage/src/styles/mixins/interactivity.scss:1:2:
WARN Sass's behavior for declarations that appear after nested
WARN rules will be changing to match the behavior specified by CSS in an upcoming
WARN version. To keep the existing behavior, move the declaration above the nested
WARN rule. To opt into the new behavior, wrap the declaration in `& {}`.
WARN 
WARN More info: https://sass-lang.com/d/mixed-decls
WARN 
WARN 1 |   cursor: pointer;
WARN 
WARN 
WARN src/styles/mixins/interactivity.scss 2:3       clickable()
WARN src/components/Bubble/Bubble.styles.scss 25:5  @import
WARN src/components/index.scss 8:9                  @import
WARN src/index.scss 5:9                             root stylesheet
WARN 
WARN Module Warning (from ../../node_modules/sass-loader/dist/cjs.js):
WARN Deprecation Warning on line 1, column 2 of file:///home/anxhul/CodeVault/g-project/fuselage-chromatic/packages/fuselage/src/styles/mixins/interactivity.scss:1:2:
WARN Sass's behavior for declarations that appear after nested
WARN rules will be changing to match the behavior specified by CSS in an upcoming
WARN version. To keep the existing behavior, move the declaration above the nested
WARN rule. To opt into the new behavior, wrap the declaration in `& {}`.
WARN 
WARN More info: https://sass-lang.com/d/mixed-decls
WARN 
WARN 1 |   cursor: pointer;
WARN 
WARN 
WARN src/styles/mixins/interactivity.scss 2:3       clickable()
WARN src/components/Bubble/Bubble.styles.scss 25:5  @import
WARN src/components/index.scss 8:9                  @import
WARN src/index.scss 5:9                             root stylesheet
WARN 
WARN Module Warning (from ../../node_modules/sass-loader/dist/cjs.js):
WARN Deprecation Warning on line 1, column 2 of file:///home/anxhul/CodeVault/g-project/fuselage-chromatic/packages/fuselage/src/styles/mixins/interactivity.scss:1:2:
WARN Sass's behavior for declarations that appear after nested
WARN rules will be changing to match the behavior specified by CSS in an upcoming
WARN version. To keep the existing behavior, move the declaration above the nested
WARN rule. To opt into the new behavior, wrap the declaration in `& {}`.
WARN 
WARN More info: https://sass-lang.com/d/mixed-decls
WARN 
WARN 1 |   cursor: pointer;
WARN 
WARN 
WARN src/styles/mixins/interactivity.scss 2:3       clickable()
WARN src/components/Bubble/Bubble.styles.scss 25:5  @import
WARN src/components/index.scss 8:9                  @import
WARN src/index.scss 5:9                             root stylesheet
WARN 
WARN Module Warning (from ../../node_modules/sass-loader/dist/cjs.js):
WARN Deprecation Warning on line 1, column 8 of file:///home/anxhul/CodeVault/g-project/fuselage-chromatic/packages/fuselage/src/index.scss:1:8:
WARN Sass @import rules are deprecated and will be removed in Dart Sass 3.0.0.
WARN 
WARN More info and automated migrator: https://sass-lang.com/d/import
WARN 
WARN 1 | @import './styles/variables/all.scss';
WARN 
WARN 
WARN src/index.scss 2:9  root stylesheet
WARN 
WARN Module Warning (from ../../node_modules/sass-loader/dist/cjs.js):
WARN Deprecation Warning on line 2, column 8 of file:///home/anxhul/CodeVault/g-project/fuselage-chromatic/packages/fuselage/src/index.scss:2:8:
WARN Sass @import rules are deprecated and will be removed in Dart Sass 3.0.0.
WARN 
WARN More info and automated migrator: https://sass-lang.com/d/import
WARN 
WARN 2 | @import './styles/mixins/all.scss';
WARN 
WARN 
WARN src/index.scss 3:9  root stylesheet
WARN 
WARN Module Warning (from ../../node_modules/sass-loader/dist/cjs.js):
WARN Deprecation Warning on line 2, column 36 of file:///home/anxhul/CodeVault/g-project/fuselage-chromatic/packages/fuselage/src/styles/variables/breakpoints.scss:2:36:
WARN Global built-in functions are deprecated and will be removed in Dart Sass 3.0.0.
WARN Use map.get instead.
WARN 
WARN More info and automated migrator: https://sass-lang.com/d/import
WARN 
WARN 2 | $breakpoints-xs-min-viewport-width: map-get(
WARN   map-get(breakpoints.$breakpoints, xs),
WARN   min-viewport-width
WARN );
WARN 
WARN 
WARN src/styles/variables/breakpoints.scss 3:37  @import
WARN src/styles/variables/all.scss 1:9           @import
WARN src/index.scss 2:9                          root stylesheet
WARN 
WARN Module Warning (from ../../node_modules/sass-loader/dist/cjs.js):
WARN Deprecation Warning on line 3, column 2 of file:///home/anxhul/CodeVault/g-project/fuselage-chromatic/packages/fuselage/src/styles/variables/breakpoints.scss:3:2:
WARN Global built-in functions are deprecated and will be removed in Dart Sass 3.0.0.
WARN Use map.get instead.
WARN 
WARN More info and automated migrator: https://sass-lang.com/d/import
WARN 
WARN 3 |   map-get(breakpoints.$breakpoints, xs),
WARN 
WARN 
WARN src/styles/variables/breakpoints.scss 4:3  @import
WARN src/styles/variables/all.scss 1:9          @import
WARN src/index.scss 2:9                         root stylesheet
WARN 
WARN Module Warning (from ../../node_modules/sass-loader/dist/cjs.js):
WARN Deprecation Warning on line 3, column 8 of file:///home/anxhul/CodeVault/g-project/fuselage-chromatic/packages/fuselage/src/index.scss:3:8:
WARN Sass @import rules are deprecated and will be removed in Dart Sass 3.0.0.
WARN 
WARN More info and automated migrator: https://sass-lang.com/d/import
WARN 
WARN 3 | @import './styles/primitives/all.scss';
WARN 
WARN 
WARN src/index.scss 4:9  root stylesheet
WARN 
WARN Module Warning (from ../../node_modules/sass-loader/dist/cjs.js):
WARN Deprecation Warning on line 4, column 8 of file:///home/anxhul/CodeVault/g-project/fuselage-chromatic/packages/fuselage/src/index.scss:4:8:
WARN Sass @import rules are deprecated and will be removed in Dart Sass 3.0.0.
WARN 
WARN More info and automated migrator: https://sass-lang.com/d/import
WARN 
WARN 4 | @import './components/index.scss';
WARN 
WARN 
WARN src/index.scss 5:9  root stylesheet
WARN 
WARN Module Warning (from ../../node_modules/sass-loader/dist/cjs.js):
WARN Deprecation Warning on line 6, column 25 of file:///home/anxhul/CodeVault/g-project/fuselage-chromatic/packages/fuselage/src/styles/variables/breakpoints.scss:6:25:
WARN Global built-in functions are deprecated and will be removed in Dart Sass 3.0.0.
WARN Use map.get instead.
WARN 
WARN More info and automated migrator: https://sass-lang.com/d/import
WARN 
WARN 6 | $breakpoints-xs-columns: map-get(
WARN   map-get(breakpoints.$breakpoints, xs),
WARN   columns
WARN );
WARN 
WARN 
WARN src/styles/variables/breakpoints.scss 7:26  @import
WARN src/styles/variables/all.scss 1:9           @import
WARN src/index.scss 2:9                          root stylesheet
WARN 
WARN Module Warning (from ../../node_modules/sass-loader/dist/cjs.js):
WARN Deprecation Warning on line 7, column 2 of file:///home/anxhul/CodeVault/g-project/fuselage-chromatic/packages/fuselage/src/styles/variables/breakpoints.scss:7:2:
WARN Global built-in functions are deprecated and will be removed in Dart Sass 3.0.0.
WARN Use map.get instead.
WARN 
WARN More info and automated migrator: https://sass-lang.com/d/import
WARN 
WARN 7 |   map-get(breakpoints.$breakpoints, xs),
WARN 
WARN 
WARN src/styles/variables/breakpoints.scss 8:3  @import
WARN src/styles/variables/all.scss 1:9          @import
WARN src/index.scss 2:9                         root stylesheet
WARN 
WARN Module Warning (from ../../node_modules/sass-loader/dist/cjs.js):
WARN Deprecation Warning on line 11, column 2 of file:///home/anxhul/CodeVault/g-project/fuselage-chromatic/packages/fuselage/src/styles/variables/breakpoints.scss:11:2:
WARN Global built-in functions are deprecated and will be removed in Dart Sass 3.0.0.
WARN Use map.get instead.
WARN 
WARN More info and automated migrator: https://sass-lang.com/d/import
WARN 
WARN 11 |   map-get(breakpoints.$breakpoints, xs),
WARN 
WARN 
WARN src/styles/variables/breakpoints.scss 12:3  @import
WARN src/styles/variables/all.scss 1:9           @import
WARN src/index.scss 2:9                          root stylesheet
WARN 
WARN Module Warning (from ../../node_modules/sass-loader/dist/cjs.js):
WARN Deprecation Warning on line 114, column 4 of file:///home/anxhul/CodeVault/g-project/fuselage-chromatic/packages/fuselage/src/components/Button/Button.styles.scss:114:4:
WARN Sass's behavior for declarations that appear after nested
WARN rules will be changing to match the behavior specified by CSS in an upcoming
WARN version. To keep the existing behavior, move the declaration above the nested
WARN rule. To opt into the new behavior, wrap the declaration in `& {}`.
WARN 
WARN More info: https://sass-lang.com/d/mixed-decls
WARN 
WARN 114 |     padding: 0;
WARN 
WARN 
WARN src/components/Button/Button.styles.scss 115:5  @import
WARN src/components/index.scss 7:9                   @import
WARN src/index.scss 5:9                              root stylesheet
WARN 
WARN Module Warning (from ../../node_modules/sass-loader/dist/cjs.js):
WARN Deprecation Warning on line 116, column 4 of file:///home/anxhul/CodeVault/g-project/fuselage-chromatic/packages/fuselage/src/components/Button/Button.styles.scss:116:4:
WARN Sass's behavior for declarations that appear after nested
WARN rules will be changing to match the behavior specified by CSS in an upcoming
WARN version. To keep the existing behavior, move the declaration above the nested
WARN rule. To opt into the new behavior, wrap the declaration in `& {}`.
WARN 
WARN More info: https://sass-lang.com/d/mixed-decls
WARN 
WARN 116 |     line-height: 0;
WARN 
WARN 
WARN src/components/Button/Button.styles.scss 117:5  @import
WARN src/components/index.scss 7:9                   @import
WARN src/index.scss 5:9                              root stylesheet
WARN 
WARN Module Warning (from ../../node_modules/sass-loader/dist/cjs.js):
WARN 278 repetitive deprecation warnings omitted.
WARN Run in verbose mode to see all warnings.
WARN export 'BoxProps' (reexported as 'BoxProps') was not found in './Box' (possible exports: Box, default)
WARN asset size limit: The following asset(s) exceed the recommended size limit (244 KiB).
WARN This can impact web performance.
WARN Assets: 
WARN   static/media/rocketchat.3744e81c.svg (502 KiB)
WARN   main.ca442f1b.iframe.bundle.js (5.09 MiB)
WARN   5458.52ad27dd.iframe.bundle.js (827 KiB)
WARN   6179.799a7561.iframe.bundle.js (1.55 MiB)
WARN entrypoint size limit: The following entrypoint(s) combined asset size exceeds the recommended limit (244 KiB). This can impact web performance.
WARN Entrypoints:
WARN   main (6.65 MiB)
WARN       runtime~main.703f678b.iframe.bundle.js
WARN       6179.799a7561.iframe.bundle.js
WARN       main.ca442f1b.iframe.bundle.js
WARN 
info => Preview built ([38;2;181;126;229m30 s[39m)
info => Output directory: /tmp/chromatic--808815-uIqD7eR2Lyo5
